VirtualBox VM 5.2.0 r118431 darwin.amd64 (Oct 18 2017 08:28:11) release log
00:00:00.083390 Log opened 2018-01-14T05:00:38.020260000Z
00:00:00.083391 Build Type: release
00:00:00.083405 OS Product: Darwin
00:00:00.083410 OS Release: 15.6.0
00:00:00.083414 OS Version: Darwin Kernel Version 15.6.0: Mon Nov 13 21:58:35 PST 2017; root:xnu-3248.72.11~1/RELEASE_X86_64
00:00:00.083515 DMI Product Name: iMac14,2
00:00:00.083549 DMI Product Version: 1.0
00:00:00.083555 Host RAM: 8192MB (8.0GB) total, 3361MB (3.2GB) available
00:00:00.083557 Executable: /Applications/VirtualBox.app/Contents/MacOS/VBoxHeadless
00:00:00.083557 Process ID: 5321
00:00:00.083558 Package type: DARWIN_64BITS_GENERIC
00:00:00.090955 Installed Extension Packs:
00:00:00.090967   None installed!
00:00:00.091886 Console: Machine state changed to 'Starting'
00:00:00.232527 SUP: Loaded VMMR0.r0 (/Applications/VirtualBox.app/Contents/MacOS/VMMR0.r0) at 0xXXXXXXXXXXXXXXXX - ModuleInit at XXXXXXXXXXXXXXXX and ModuleTerm at XXXXXXXXXXXXXXXX
00:00:00.232539 SUP: VMMR0EntryEx located at XXXXXXXXXXXXXXXX and VMMR0EntryFast at XXXXXXXXXXXXXXXX
00:00:00.242422 Guest OS type: 'Ubuntu_64'
00:00:00.245751 fHMForced=true - No raw-mode support in this build!
00:00:00.254195 File system of '/Users/dev/VirtualBox VMs/web_default_1510023923200_74591/Snapshots' (snapshots) is unknown
00:00:00.254201 File system of '/Users/dev/VirtualBox VMs/web_default_1510023923200_74591/box-disk1.vmdk' is hfs
00:00:00.280758 Shared clipboard service loaded
00:00:00.280781 Shared clipboard mode: Off
00:00:00.299183 Drag and drop service loaded
00:00:00.299207 Drag and drop mode: Off
00:00:00.337631 Guest Control service loaded
00:00:00.340040 Per-VM extradata API settings:
00:00:00.340047   VBoxInternal2/SharedFoldersEnableSymlinksCreate/vagrant="1"
00:00:00.340411 ************************* CFGM dump *************************
00:00:00.340445 [/] (level 0)
00:00:00.340456   CpuExecutionCap   <integer> = 0x0000000000000064 (100)
00:00:00.340459   EnablePAE         <integer> = 0x0000000000000000 (0)
00:00:00.340460   HMEnabled         <integer> = 0x0000000000000001 (1)
00:00:00.340461   MemBalloonSize    <integer> = 0x0000000000000000 (0)
00:00:00.340462   Name              <string>  = "web_default_1510023923200_74591" (cb=32)
00:00:00.340463   NumCPUs           <integer> = 0x0000000000000001 (1)
00:00:00.340464   PageFusionAllowed <integer> = 0x0000000000000000 (0)
00:00:00.340464   RamHoleSize       <integer> = 0x0000000020000000 (536 870 912, 512 MB)
00:00:00.340466   RamSize           <integer> = 0x0000000020000000 (536 870 912, 512 MB)
00:00:00.340467   TimerMillies      <integer> = 0x000000000000000a (10)
00:00:00.340467   UUID              <bytes>   = "21 55 2c 67 c3 f0 bf 45 bd b6 99 ef bf d1 4e 98" (cb=16)
00:00:00.340478 
00:00:00.340479 [/CPUM/] (level 1)
00:00:00.340480   GuestCpuName       <string>  = "host" (cb=5)
00:00:00.340481   PortableCpuIdLevel <integer> = 0x0000000000000000 (0)
00:00:00.340481 
00:00:00.340482 [/DBGC/] (level 1)
00:00:00.340482   GlobalInitScript <string>  = "/Users/dev/Library/VirtualBox/dbgc-init" (cb=40)
00:00:00.340483   HistoryFile      <string>  = "/Users/dev/Library/VirtualBox/dbgc-history" (cb=43)
00:00:00.340484   LocalInitScript  <string>  = "/Users/dev/VirtualBox VMs/web_default_1510023923200_74591/dbgc-init" (cb=68)
00:00:00.340484 
00:00:00.340485 [/DBGF/] (level 1)
00:00:00.340485   Path <string>  = "/Users/dev/VirtualBox VMs/web_default_1510023923200_74591/debug/;/Users/dev/VirtualBox VMs/web_default_1510023923200_74591/;/Users/dev/" (cb=136)
00:00:00.340486 
00:00:00.340487 [/Devices/] (level 1)
00:00:00.340487 
00:00:00.340488 [/Devices/8237A/] (level 2)
00:00:00.340488 
00:00:00.340489 [/Devices/8237A/0/] (level 3)
00:00:00.340490   Trusted <integer> = 0x0000000000000001 (1)
00:00:00.340490 
00:00:00.340490 [/Devices/VMMDev/] (level 2)
00:00:00.340491 
00:00:00.340492 [/Devices/VMMDev/0/] (level 3)
00:00:00.340493   PCIBusNo      <integer> = 0x0000000000000000 (0)
00:00:00.340493   PCIDeviceNo   <integer> = 0x0000000000000004 (4)
00:00:00.340494   PCIFunctionNo <integer> = 0x0000000000000000 (0)
00:00:00.340494   Trusted       <integer> = 0x0000000000000001 (1)
00:00:00.340495 
00:00:00.340495 [/Devices/VMMDev/0/Config/] (level 4)
00:00:00.340496   GuestCoreDumpDir <string>  = "/Users/dev/VirtualBox VMs/web_default_1510023923200_74591/Snapshots" (cb=68)
00:00:00.340497 
00:00:00.340498 [/Devices/VMMDev/0/LUN#0/] (level 4)
00:00:00.340499   Driver <string>  = "HGCM" (cb=5)
00:00:00.340499 
00:00:00.340499 [/Devices/VMMDev/0/LUN#0/Config/] (level 5)
00:00:00.340500   Object <integer> = 0x00007f8d23d13fe0 (140 244 168 032 224)
00:00:00.340502 
00:00:00.340502 [/Devices/VMMDev/0/LUN#999/] (level 4)
00:00:00.340503   Driver <string>  = "MainStatus" (cb=11)
00:00:00.340503 
00:00:00.340504 [/Devices/VMMDev/0/LUN#999/Config/] (level 5)
00:00:00.340505   First   <integer> = 0x0000000000000000 (0)
00:00:00.340505   Last    <integer> = 0x0000000000000000 (0)
00:00:00.340506   papLeds <integer> = 0x00007f8d250023a0 (140 244 187 882 400)
00:00:00.340507 
00:00:00.340508 [/Devices/acpi/] (level 2)
00:00:00.340508 
00:00:00.340509 [/Devices/acpi/0/] (level 3)
00:00:00.340509   PCIBusNo      <integer> = 0x0000000000000000 (0)
00:00:00.340510   PCIDeviceNo   <integer> = 0x0000000000000007 (7)
00:00:00.340511   PCIFunctionNo <integer> = 0x0000000000000000 (0)
00:00:00.340511   Trusted       <integer> = 0x0000000000000001 (1)
00:00:00.340512 
00:00:00.340512 [/Devices/acpi/0/Config/] (level 4)
00:00:00.340513   CpuHotPlug          <integer> = 0x0000000000000000 (0)
00:00:00.340514   FdcEnabled          <integer> = 0x0000000000000000 (0)
00:00:00.340515   HostBusPciAddress   <integer> = 0x0000000000000000 (0)
00:00:00.340515   HpetEnabled         <integer> = 0x0000000000000000 (0)
00:00:00.340516   IOAPIC              <integer> = 0x0000000000000001 (1)
00:00:00.340517   IocPciAddress       <integer> = 0x0000000000010000 (65 536)
00:00:00.340518   NumCPUs             <integer> = 0x0000000000000001 (1)
00:00:00.340518   Parallel0IoPortBase <integer> = 0x0000000000000000 (0)
00:00:00.340519   Parallel0Irq        <integer> = 0x0000000000000000 (0)
00:00:00.340519   Parallel1IoPortBase <integer> = 0x0000000000000000 (0)
00:00:00.340520   Parallel1Irq        <integer> = 0x0000000000000000 (0)
00:00:00.340521   Serial0IoPortBase   <integer> = 0x0000000000000000 (0)
00:00:00.340521   Serial0Irq          <integer> = 0x0000000000000000 (0)
00:00:00.340522   Serial1IoPortBase   <integer> = 0x0000000000000000 (0)
00:00:00.340523   Serial1Irq          <integer> = 0x0000000000000000 (0)
00:00:00.340523   ShowCpu             <integer> = 0x0000000000000001 (1)
00:00:00.340524   ShowRtc             <integer> = 0x0000000000000000 (0)
00:00:00.340525   SmcEnabled          <integer> = 0x0000000000000000 (0)
00:00:00.340525 
00:00:00.340526 [/Devices/acpi/0/LUN#0/] (level 4)
00:00:00.340527   Driver <string>  = "ACPIHost" (cb=9)
00:00:00.340527 
00:00:00.340527 [/Devices/acpi/0/LUN#0/Config/] (level 5)
00:00:00.340528 
00:00:00.340529 [/Devices/ahci/] (level 2)
00:00:00.340529 
00:00:00.340530 [/Devices/ahci/0/] (level 3)
00:00:00.340531   PCIBusNo      <integer> = 0x0000000000000000 (0)
00:00:00.340531   PCIDeviceNo   <integer> = 0x000000000000000d (13)
00:00:00.340532   PCIFunctionNo <integer> = 0x0000000000000000 (0)
00:00:00.340533   Trusted       <integer> = 0x0000000000000001 (1)
00:00:00.340533 
00:00:00.340533 [/Devices/ahci/0/Config/] (level 4)
00:00:00.340534   Bootable  <integer> = 0x0000000000000001 (1)
00:00:00.340535   PortCount <integer> = 0x0000000000000001 (1)
00:00:00.340536 
00:00:00.340536 [/Devices/ahci/0/Config/Port0/] (level 5)
00:00:00.340537   Hotpluggable <integer> = 0x0000000000000001 (1)
00:00:00.340538 
00:00:00.340538 [/Devices/ahci/0/LUN#0/] (level 4)
00:00:00.340539   Driver <string>  = "VD" (cb=3)
00:00:00.340539 
00:00:00.340540 [/Devices/ahci/0/LUN#0/Config/] (level 5)
00:00:00.340541   Format    <string>  = "VMDK" (cb=5)
00:00:00.340541   Mountable <integer> = 0x0000000000000000 (0)
00:00:00.340542   Path      <string>  = "/Users/dev/VirtualBox VMs/web_default_1510023923200_74591/box-disk1.vmdk" (cb=73)
00:00:00.340543   Type      <string>  = "HardDisk" (cb=9)
00:00:00.340543 
00:00:00.340544 [/Devices/ahci/0/LUN#999/] (level 4)
00:00:00.340544   Driver <string>  = "MainStatus" (cb=11)
00:00:00.340545 
00:00:00.340545 [/Devices/ahci/0/LUN#999/Config/] (level 5)
00:00:00.340546   DeviceInstance        <string>  = "ahci/0" (cb=7)
00:00:00.340547   First                 <integer> = 0x0000000000000000 (0)
00:00:00.340548   Last                  <integer> = 0x0000000000000000 (0)
00:00:00.340549   pConsole              <integer> = 0x00007f8d25001c00 (140 244 187 880 448)
00:00:00.340550   papLeds               <integer> = 0x00007f8d25001fa0 (140 244 187 881 376)
00:00:00.340551   pmapMediumAttachments <integer> = 0x00007f8d250023c0 (140 244 187 882 432)
00:00:00.340552 
00:00:00.340552 [/Devices/apic/] (level 2)
00:00:00.340553 
00:00:00.340553 [/Devices/apic/0/] (level 3)
00:00:00.340554   Trusted <integer> = 0x0000000000000001 (1)
00:00:00.340555 
00:00:00.340555 [/Devices/apic/0/Config/] (level 4)
00:00:00.340556   IOAPIC  <integer> = 0x0000000000000001 (1)
00:00:00.340557   Mode    <integer> = 0x0000000000000002 (2)
00:00:00.340557   NumCPUs <integer> = 0x0000000000000001 (1)
00:00:00.340558 
00:00:00.340558 [/Devices/e1000/] (level 2)
00:00:00.340559 
00:00:00.340559 [/Devices/e1000/0/] (level 3)
00:00:00.340560   PCIBusNo      <integer> = 0x0000000000000000 (0)
00:00:00.340561   PCIDeviceNo   <integer> = 0x0000000000000003 (3)
00:00:00.340561   PCIFunctionNo <integer> = 0x0000000000000000 (0)
00:00:00.340562   Trusted       <integer> = 0x0000000000000001 (1)
00:00:00.340563 
00:00:00.340563 [/Devices/e1000/0/Config/] (level 4)
00:00:00.340564   AdapterType    <integer> = 0x0000000000000000 (0)
00:00:00.340565   CableConnected <integer> = 0x0000000000000001 (1)
00:00:00.340565   LineSpeed      <integer> = 0x0000000000000000 (0)
00:00:00.340566   MAC            <bytes>   = "08 00 27 84 ba 04" (cb=6)
00:00:00.340567 
00:00:00.340568 [/Devices/e1000/0/LUN#0/] (level 4)
00:00:00.340569   Driver <string>  = "NAT" (cb=4)
00:00:00.340569 
00:00:00.340569 [/Devices/e1000/0/LUN#0/Config/] (level 5)
00:00:00.340570   AliasMode       <integer> = 0x0000000000000000 (0)
00:00:00.340571   BootFile        <string>  = "web_default_1510023923200_74591.pxe" (cb=36)
00:00:00.340572   DNSProxy        <integer> = 0x0000000000000001 (1)
00:00:00.340572   Network         <string>  = "10.0.2.0/24" (cb=12)
00:00:00.340573   PassDomain      <integer> = 0x0000000000000001 (1)
00:00:00.340574   TFTPPrefix      <string>  = "/Users/dev/Library/VirtualBox/TFTP" (cb=35)
00:00:00.340574   UseHostResolver <integer> = 0x0000000000000000 (0)
00:00:00.340575 
00:00:00.340575 [/Devices/e1000/0/LUN#0/Config/PortForwarding/] (level 6)
00:00:00.340576 
00:00:00.340577 [/Devices/e1000/0/LUN#0/Config/PortForwarding/0/] (level 7)
00:00:00.340578   BindIP    <string>  = "127.0.0.1" (cb=10)
00:00:00.340578   GuestPort <integer> = 0x0000000000000016 (22)
00:00:00.340579   HostPort  <integer> = 0x00000000000008ae (2 222)
00:00:00.340580   Name      <string>  = "ssh" (cb=4)
00:00:00.340580   Protocol  <string>  = "TCP" (cb=4)
00:00:00.340581 
00:00:00.340581 [/Devices/e1000/0/LUN#0/Config/PortForwarding/1/] (level 7)
00:00:00.340582   GuestPort <integer> = 0x0000000000000438 (1 080)
00:00:00.340583   HostPort  <integer> = 0x0000000000000438 (1 080)
00:00:00.340584   Name      <string>  = "tcp1080" (cb=8)
00:00:00.340584   Protocol  <string>  = "TCP" (cb=4)
00:00:00.340585 
00:00:00.340585 [/Devices/e1000/0/LUN#0/Config/PortForwarding/2/] (level 7)
00:00:00.340586   GuestPort <integer> = 0x0000000000001f40 (8 000)
00:00:00.340587   HostPort  <integer> = 0x0000000000001f90 (8 080)
00:00:00.340587   Name      <string>  = "tcp8080" (cb=8)
00:00:00.340588   Protocol  <string>  = "TCP" (cb=4)
00:00:00.340589 
00:00:00.340589 [/Devices/e1000/0/LUN#999/] (level 4)
00:00:00.340590   Driver <string>  = "MainStatus" (cb=11)
00:00:00.340590 
00:00:00.340590 [/Devices/e1000/0/LUN#999/Config/] (level 5)
00:00:00.340591   First   <integer> = 0x0000000000000000 (0)
00:00:00.340592   Last    <integer> = 0x0000000000000000 (0)
00:00:00.340593   papLeds <integer> = 0x00007f8d25002280 (140 244 187 882 112)
00:00:00.340594 
00:00:00.340594 [/Devices/i8254/] (level 2)
00:00:00.340595 
00:00:00.340595 [/Devices/i8254/0/] (level 3)
00:00:00.340596 
00:00:00.340596 [/Devices/i8254/0/Config/] (level 4)
00:00:00.340597 
00:00:00.340597 [/Devices/i8259/] (level 2)
00:00:00.340598 
00:00:00.340598 [/Devices/i8259/0/] (level 3)
00:00:00.340599   Trusted <integer> = 0x0000000000000001 (1)
00:00:00.340600 
00:00:00.340600 [/Devices/i8259/0/Config/] (level 4)
00:00:00.340601 
00:00:00.340601 [/Devices/ioapic/] (level 2)
00:00:00.340602 
00:00:00.340602 [/Devices/ioapic/0/] (level 3)
00:00:00.340603   Trusted <integer> = 0x0000000000000001 (1)
00:00:00.340604 
00:00:00.340604 [/Devices/ioapic/0/Config/] (level 4)
00:00:00.340605   NumCPUs <integer> = 0x0000000000000001 (1)
00:00:00.340605 
00:00:00.340606 [/Devices/mc146818/] (level 2)
00:00:00.340606 
00:00:00.340607 [/Devices/mc146818/0/] (level 3)
00:00:00.340607 
00:00:00.340608 [/Devices/mc146818/0/Config/] (level 4)
00:00:00.340609   UseUTC <integer> = 0x0000000000000001 (1)
00:00:00.340609 
00:00:00.340610 [/Devices/parallel/] (level 2)
00:00:00.340610 
00:00:00.340611 [/Devices/pcarch/] (level 2)
00:00:00.340611 
00:00:00.340612 [/Devices/pcarch/0/] (level 3)
00:00:00.340612   Trusted <integer> = 0x0000000000000001 (1)
00:00:00.340613 
00:00:00.340613 [/Devices/pcarch/0/Config/] (level 4)
00:00:00.340614 
00:00:00.340614 [/Devices/pcbios/] (level 2)
00:00:00.340615 
00:00:00.340615 [/Devices/pcbios/0/] (level 3)
00:00:00.340616   Trusted <integer> = 0x0000000000000001 (1)
00:00:00.340617 
00:00:00.340617 [/Devices/pcbios/0/Config/] (level 4)
00:00:00.340619   APIC               <integer> = 0x0000000000000001 (1)
00:00:00.340619   BootDevice0        <string>  = "IDE" (cb=4)
00:00:00.340620   BootDevice1        <string>  = "NONE" (cb=5)
00:00:00.340621   BootDevice2        <string>  = "NONE" (cb=5)
00:00:00.340621   BootDevice3        <string>  = "NONE" (cb=5)
00:00:00.340622   FloppyDevice       <string>  = "i82078" (cb=7)
00:00:00.340623   HardDiskDevice     <string>  = "piix3ide" (cb=9)
00:00:00.340623   IOAPIC             <integer> = 0x0000000000000001 (1)
00:00:00.340624   McfgBase           <integer> = 0x0000000000000000 (0)
00:00:00.340625   McfgLength         <integer> = 0x0000000000000000 (0)
00:00:00.340625   NumCPUs            <integer> = 0x0000000000000001 (1)
00:00:00.340626   PXEDebug           <integer> = 0x0000000000000000 (0)
00:00:00.340627   SataHardDiskDevice <string>  = "ahci" (cb=5)
00:00:00.340627   SataLUN1           <integer> = 0x0000000000000000 (0)
00:00:00.340628   UUID               <bytes>   = "21 55 2c 67 c3 f0 bf 45 bd b6 99 ef bf d1 4e 98" (cb=16)
00:00:00.340630 
00:00:00.340630 [/Devices/pcbios/0/Config/NetBoot/] (level 5)
00:00:00.340631 
00:00:00.340632 [/Devices/pcbios/0/Config/NetBoot/0/] (level 6)
00:00:00.340633   NIC           <integer> = 0x0000000000000000 (0)
00:00:00.340633   PCIBusNo      <integer> = 0x0000000000000000 (0)
00:00:00.340634   PCIDeviceNo   <integer> = 0x0000000000000003 (3)
00:00:00.340635   PCIFunctionNo <integer> = 0x0000000000000000 (0)
00:00:00.340635 
00:00:00.340636 [/Devices/pci/] (level 2)
00:00:00.340636 
00:00:00.340637 [/Devices/pci/0/] (level 3)
00:00:00.340638   Trusted <integer> = 0x0000000000000001 (1)
00:00:00.340638 
00:00:00.340638 [/Devices/pci/0/Config/] (level 4)
00:00:00.340639   IOAPIC <integer> = 0x0000000000000001 (1)
00:00:00.340640 
00:00:00.340640 [/Devices/pckbd/] (level 2)
00:00:00.340641 
00:00:00.340641 [/Devices/pckbd/0/] (level 3)
00:00:00.340642   Trusted <integer> = 0x0000000000000001 (1)
00:00:00.340643 
00:00:00.340643 [/Devices/pckbd/0/Config/] (level 4)
00:00:00.340644 
00:00:00.340644 [/Devices/pckbd/0/LUN#0/] (level 4)
00:00:00.340645   Driver <string>  = "KeyboardQueue" (cb=14)
00:00:00.340646 
00:00:00.340646 [/Devices/pckbd/0/LUN#0/AttachedDriver/] (level 5)
00:00:00.340647   Driver <string>  = "MainKeyboard" (cb=13)
00:00:00.340647 
00:00:00.340648 [/Devices/pckbd/0/LUN#0/AttachedDriver/Config/] (level 6)
00:00:00.340649   Object <integer> = 0x00007f8d23d12360 (140 244 168 024 928)
00:00:00.340650 
00:00:00.340650 [/Devices/pckbd/0/LUN#0/Config/] (level 5)
00:00:00.340651   QueueSize <integer> = 0x0000000000000040 (64)
00:00:00.340652 
00:00:00.340652 [/Devices/pckbd/0/LUN#1/] (level 4)
00:00:00.340653   Driver <string>  = "MouseQueue" (cb=11)
00:00:00.340653 
00:00:00.340654 [/Devices/pckbd/0/LUN#1/AttachedDriver/] (level 5)
00:00:00.340655   Driver <string>  = "MainMouse" (cb=10)
00:00:00.340655 
00:00:00.340656 [/Devices/pckbd/0/LUN#1/AttachedDriver/Config/] (level 6)
00:00:00.340657   Object <integer> = 0x00007f8d23d12a30 (140 244 168 026 672)
00:00:00.340658 
00:00:00.340658 [/Devices/pckbd/0/LUN#1/Config/] (level 5)
00:00:00.340659   QueueSize <integer> = 0x0000000000000080 (128)
00:00:00.340660 
00:00:00.340660 [/Devices/pcnet/] (level 2)
00:00:00.340661 
00:00:00.340661 [/Devices/serial/] (level 2)
00:00:00.340662 
00:00:00.340662 [/Devices/vga/] (level 2)
00:00:00.340662 
00:00:00.340663 [/Devices/vga/0/] (level 3)
00:00:00.340664   PCIBusNo      <integer> = 0x0000000000000000 (0)
00:00:00.340664   PCIDeviceNo   <integer> = 0x0000000000000002 (2)
00:00:00.340665   PCIFunctionNo <integer> = 0x0000000000000000 (0)
00:00:00.340666   Trusted       <integer> = 0x0000000000000001 (1)
00:00:00.340666 
00:00:00.340667 [/Devices/vga/0/Config/] (level 4)
00:00:00.340668   CustomVideoModes <integer> = 0x0000000000000000 (0)
00:00:00.340668   FadeIn           <integer> = 0x0000000000000001 (1)
00:00:00.340669   FadeOut          <integer> = 0x0000000000000001 (1)
00:00:00.340670   HeightReduction  <integer> = 0x0000000000000000 (0)
00:00:00.340670   LogoFile         <string>  = "" (cb=1)
00:00:00.340671   LogoTime         <integer> = 0x0000000000000000 (0)
00:00:00.340672   MonitorCount     <integer> = 0x0000000000000001 (1)
00:00:00.340672   ShowBootMenu     <integer> = 0x0000000000000002 (2)
00:00:00.340673   VRamSize         <integer> = 0x0000000000c00000 (12 582 912, 12 MB)
00:00:00.340674 
00:00:00.340674 [/Devices/vga/0/LUN#0/] (level 4)
00:00:00.340675   Driver <string>  = "MainDisplay" (cb=12)
00:00:00.340676 
00:00:00.340676 [/Devices/vga/0/LUN#0/Config/] (level 5)
00:00:00.340677   Object <integer> = 0x00007f8d24079800 (140 244 171 593 728)
00:00:00.340678 
00:00:00.340679 [/Devices/vga/0/LUN#999/] (level 4)
00:00:00.340679   Driver <string>  = "MainStatus" (cb=11)
00:00:00.340680 
00:00:00.340680 [/Devices/vga/0/LUN#999/Config/] (level 5)
00:00:00.340681   First   <integer> = 0x0000000000000000 (0)
00:00:00.340682   Last    <integer> = 0x0000000000000000 (0)
00:00:00.340682   papLeds <integer> = 0x00007f8d250023b8 (140 244 187 882 424)
00:00:00.340683 
00:00:00.340684 [/Devices/virtio-net/] (level 2)
00:00:00.340685 
00:00:00.340685 [/EM/] (level 1)
00:00:00.340685   TripleFaultReset <integer> = 0x0000000000000000 (0)
00:00:00.340686 
00:00:00.340686 [/GIM/] (level 1)
00:00:00.340687   Provider <string>  = "None" (cb=5)
00:00:00.340688 
00:00:00.340688 [/HM/] (level 1)
00:00:00.340689   64bitEnabled       <integer> = 0x0000000000000001 (1)
00:00:00.340689   EnableLargePages   <integer> = 0x0000000000000000 (0)
00:00:00.340690   EnableNestedPaging <integer> = 0x0000000000000001 (1)
00:00:00.340691   EnableUX           <integer> = 0x0000000000000001 (1)
00:00:00.340691   EnableVPID         <integer> = 0x0000000000000001 (1)
00:00:00.340692   Exclusive          <integer> = 0x0000000000000000 (0)
00:00:00.340693   HMForced           <integer> = 0x0000000000000001 (1)
00:00:00.340693 
00:00:00.340694 [/MM/] (level 1)
00:00:00.340694   CanUseLargerHeap <integer> = 0x0000000000000000 (0)
00:00:00.340695 
00:00:00.340695 [/PDM/] (level 1)
00:00:00.340696 
00:00:00.340696 [/PDM/AsyncCompletion/] (level 2)
00:00:00.340697 
00:00:00.340697 [/PDM/AsyncCompletion/File/] (level 3)
00:00:00.340698 
00:00:00.340698 [/PDM/AsyncCompletion/File/BwGroups/] (level 4)
00:00:00.340699 
00:00:00.340699 [/PDM/BlkCache/] (level 2)
00:00:00.340700   CacheSize <integer> = 0x0000000000500000 (5 242 880, 5 MB)
00:00:00.340701 
00:00:00.340701 [/PDM/Devices/] (level 2)
00:00:00.340702 
00:00:00.340702 [/PDM/Drivers/] (level 2)
00:00:00.340703 
00:00:00.340703 [/PDM/Drivers/VBoxC/] (level 3)
00:00:00.340704   Path <string>  = "/Applications/VirtualBox.app/Contents/MacOS/components/VBoxC" (cb=61)
00:00:00.340705 
00:00:00.340705 [/PDM/NetworkShaper/] (level 2)
00:00:00.340706 
00:00:00.340706 [/PDM/NetworkShaper/BwGroups/] (level 3)
00:00:00.340707 
00:00:00.340707 [/TM/] (level 1)
00:00:00.340708   UTCOffset <integer> = 0x0000000000000000 (0)
00:00:00.340708 
00:00:00.340709 ********************* End of CFGM dump **********************
00:00:00.340710 VM: fHMEnabled=true  (configured) fRecompileUser=false fRecompileSupervisor=false
00:00:00.340712 VM: fRawRing1Enabled=false CSAM=false PATM=false
00:00:00.341866 HM: HMR3Init: VT-x w/ nested paging and unrestricted guest execution hw support
00:00:00.341928 MM: cbHyperHeap=0x100000 (1048576)
00:00:00.343063 CPUM: fXStateHostMask=0x7; initial: 0x7; host XCR0=0x7
00:00:00.347813 CPUM: Matched host CPU INTEL 0x6/0x3c/0x3 Intel_Core7_Haswell with CPU DB entry 'Intel Core i7-5600U' (INTEL 0x6/0x3d/0x4 Intel_Core7_Broadwell)
00:00:00.347890 CPUM: MXCSR_MASK=0xffff (host: 0xffff)
00:00:00.347914 CPUM: Microcode revision 0x00000019
00:00:00.348896 PGM: HCPhysInterPD=00000000171a7000 HCPhysInterPaePDPT=00000000171aa000 HCPhysInterPaePML4=00000000171ac000
00:00:00.348907 PGM: apInterPTs={00000000171a8000,00000000171a9000} apInterPaePTs={000000020aac6000,000000013b107000} apInterPaePDs={0000000074588000,00000001ac209000,0000000062c4a000,000000014368b000} pInterPaePDPT64=00000000171ab000
00:00:00.348912 PGM: Host paging mode: AMD64+PGE+NX
00:00:00.348923 PGM: PGMPool: cMaxPages=288 (u64MaxPages=288)
00:00:00.348926 PGM: pgmR3PoolInit: cMaxPages=0x120 cMaxUsers=0x240 cMaxPhysExts=0x240 fCacheEnable=true 
00:00:00.351162 TM: GIP - u32Mode=3 (Invariant) u32UpdateHz=100 u32UpdateIntervalNS=10000000 enmUseTscDelta=2 (Pratically Zero) fGetGipCpu=0x5 cCpus=4
00:00:00.351184 TM: GIP - u64CpuHz=3 595 831 810 (0xd6540a02)  SUPGetCpuHzFromGip => 3 595 831 810
00:00:00.351189 TM: GIP - CPU: iCpuSet=0x0 idCpu=0x0 idApic=0x0 iGipCpu=0x2 i64TSCDelta=0 enmState=3 u64CpuHz=3595831663(*) cErrors=0
00:00:00.351192 TM: GIP - CPU: iCpuSet=0x1 idCpu=0x1 idApic=0x1 iGipCpu=0x3 i64TSCDelta=0 enmState=3 u64CpuHz=3595831788(*) cErrors=0
00:00:00.351194 TM: GIP - CPU: iCpuSet=0x2 idCpu=0x2 idApic=0x2 iGipCpu=0x1 i64TSCDelta=0 enmState=3 u64CpuHz=3595831829(*) cErrors=0
00:00:00.351197 TM: GIP - CPU: iCpuSet=0x3 idCpu=0x3 idApic=0x3 iGipCpu=0x0 i64TSCDelta=0 enmState=3 u64CpuHz=3595831810(*) cErrors=0
00:00:00.351257 TM: cTSCTicksPerSecond=3 595 831 810 (0xd6540a02) enmTSCMode=3 (Dynamic)
00:00:00.351258 TM: TSCTiedToExecution=false TSCNotTiedToHalt=false
00:00:00.351550 IEM: TargetCpu=CURRENT, Microarch=Intel_Core7_Haswell
00:00:00.351664 GIM: Using provider 'None' (Implementation version: 0)
00:00:00.351723 AIOMgr: Default manager type is 'Async'
00:00:00.351726 AIOMgr: Default file backend is 'NonBuffered'
00:00:00.352200 BlkCache: Cache successfully initialized. Cache size is 5242880 bytes
00:00:00.352214 BlkCache: Cache commit interval is 10000 ms
00:00:00.352216 BlkCache: Cache commit threshold is 2621440 bytes
00:00:00.432897 PcBios: [SMP] BIOS with 1 CPUs
00:00:00.433279 PcBios: Using the 386+ BIOS image.
00:00:00.434455 PcBios: MPS table at 000e1300
00:00:00.436602 PcBios: fCheckShutdownStatusForSoftReset=true   fClearShutdownStatusOnHardReset=true 
00:00:00.445320 SUP: Loaded VBoxDDR0.r0 (/Applications/VirtualBox.app/Contents/MacOS/VBoxDDR0.r0) at 0xXXXXXXXXXXXXXXXX - ModuleInit at XXXXXXXXXXXXXXXX and ModuleTerm at XXXXXXXXXXXXXXXX
00:00:00.446286 CPUM: SetGuestCpuIdFeature: Enabled xAPIC
00:00:00.447698 IOAPIC: Using implementation 2.0!
00:00:00.447797 PIT: mode=3 count=0x10000 (65536) - 18.20 Hz (ch=0)
00:00:00.474478 Shared Folders service loaded
00:00:00.481540 VGA: Using the 386+ BIOS image.
00:00:00.505993 DrvVD: Flushes will be ignored
00:00:00.506006 DrvVD: Async flushes will be passed to the disk
00:00:00.507938 VD: VDInit finished with VINF_SUCCESS
00:00:00.510105 VD: Opening the disk took 2282642 ns
00:00:00.510193 AHCI: LUN#0: disk, PCHS=16383/16/63, total number of sectors 83886080
00:00:00.510301 AHCI#0: Reset the HBA
00:00:00.510305 VD#0: Cancelling all active requests
00:00:00.510345 E1000#0 Chip=82540EM LinkUpDelay=3000ms EthernetCRC=on GSO=enabled Itr=disabled ItrRx=enabled TID=disabled R0=enabled GC=enabled
00:00:00.517052 NAT: Guest address guess set to 10.0.2.15 by initialization
00:00:00.517239 NAT: resolv.conf: nameserver 198.18.0.1
00:00:00.517245 NAT: resolv.conf: nameserver 198.18.0.2
00:00:00.517256 NAT: DNS#0: 198.18.0.1
00:00:00.517259 NAT: DNS#1: 198.18.0.2
00:00:00.517311 NAT: Set redirect TCP 127.0.0.1:2222 -> 0.0.0.0:22
00:00:00.517326 NAT: Set redirect TCP 0.0.0.0:1080 -> 0.0.0.0:1080
00:00:00.517338 NAT: Set redirect TCP 0.0.0.0:8080 -> 0.0.0.0:8000
00:00:00.519398 PGM: The CPU physical address width is 39 bits
00:00:00.519409 PGM: PGMR3InitFinalize: 4 MB PSE mask 0000007fffffffff
00:00:00.519455 TM: TMR3InitFinalize: fTSCModeSwitchAllowed=false
00:00:00.523199 VMM: Thread-context hooks unavailable
00:00:00.523257 HM: Using VT-x implementation 2.0
00:00:00.523257 HM: Host CR4                        = 0x1627e0
00:00:00.523259 HM: Host EFER                       = 0xd01
00:00:00.523259 HM: MSR_IA32_SMM_MONITOR_CTL        = 0x0
00:00:00.523260 HM: MSR_IA32_FEATURE_CONTROL        = 0x5
00:00:00.523260 HM: MSR_IA32_VMX_BASIC_INFO         = 0xda040000000012
00:00:00.523268 HM:   VMCS id                         = 0x12
00:00:00.523269 HM:   VMCS size                       = 1024 bytes
00:00:00.523270 HM:   VMCS physical address limit     = None
00:00:00.523270 HM:   VMCS memory type                = 0x6
00:00:00.523271 HM:   Dual-monitor treatment support  = true 
00:00:00.523272 HM:   OUTS & INS instruction-info     = false
00:00:00.523272 HM:   Supports true capability MSRs   = false
00:00:00.523273 HM: Max resume loops                = 8192
00:00:00.523273 HM: MSR_IA32_VMX_PINBASED_CTLS      = 0x7f00000016
00:00:00.523274 HM:   EXT_INT_EXIT
00:00:00.523274 HM:   NMI_EXIT
00:00:00.523274 HM:   VIRTUAL_NMI
00:00:00.523275 HM:   PREEMPT_TIMER
00:00:00.523275 HM:   POSTED_INTR (must be cleared)
00:00:00.523275 HM: MSR_IA32_VMX_PROCBASED_CTLS     = 0xfff9fffe0401e172
00:00:00.523276 HM:   INT_WINDOW_EXIT
00:00:00.523277 HM:   USE_TSC_OFFSETTING
00:00:00.523277 HM:   HLT_EXIT
00:00:00.523277 HM:   INVLPG_EXIT
00:00:00.523278 HM:   MWAIT_EXIT
00:00:00.523278 HM:   RDPMC_EXIT
00:00:00.523287 HM:   RDTSC_EXIT
00:00:00.523287 HM:   CR3_LOAD_EXIT (must be set)
00:00:00.523287 HM:   CR3_STORE_EXIT (must be set)
00:00:00.523288 HM:   CR8_LOAD_EXIT
00:00:00.523288 HM:   CR8_STORE_EXIT
00:00:00.523289 HM:   USE_TPR_SHADOW
00:00:00.523289 HM:   NMI_WINDOW_EXIT
00:00:00.523290 HM:   MOV_DR_EXIT
00:00:00.523290 HM:   UNCOND_IO_EXIT
00:00:00.523291 HM:   USE_IO_BITMAPS
00:00:00.523291 HM:   MONITOR_TRAP_FLAG
00:00:00.523292 HM:   USE_MSR_BITMAPS
00:00:00.523292 HM:   MONITOR_EXIT
00:00:00.523293 HM:   PAUSE_EXIT
00:00:00.523293 HM:   USE_SECONDARY_EXEC_CTRL
00:00:00.523294 HM: MSR_IA32_VMX_PROCBASED_CTLS2    = 0x3cff00000000
00:00:00.523295 HM:   VIRT_APIC
00:00:00.523295 HM:   EPT
00:00:00.523295 HM:   DESCRIPTOR_TABLE_EXIT
00:00:00.523296 HM:   RDTSCP
00:00:00.523296 HM:   VIRT_X2APIC
00:00:00.523297 HM:   VPID
00:00:00.523297 HM:   WBINVD_EXIT
00:00:00.523297 HM:   UNRESTRICTED_GUEST
00:00:00.523298 HM:   APIC_REG_VIRT (must be cleared)
00:00:00.523298 HM:   VIRT_INTR_DELIVERY (must be cleared)
00:00:00.523298 HM:   PAUSE_LOOP_EXIT
00:00:00.523299 HM:   RDRAND_EXIT
00:00:00.523299 HM:   INVPCID
00:00:00.523307 HM:   VMFUNC
00:00:00.523307 HM:   VMCS_SHADOWING (must be cleared)
00:00:00.523308 HM:   ENCLS_EXIT (must be cleared)
00:00:00.523308 HM:   RDSEED_EXIT (must be cleared)
00:00:00.523308 HM:   PML (must be cleared)
00:00:00.523309 HM:   EPT_VE (must be cleared)
00:00:00.523309 HM:   CONCEAL_FROM_PT (must be cleared)
00:00:00.523309 HM:   XSAVES_XRSTORS (must be cleared)
00:00:00.523310 HM:   TSC_SCALING (must be cleared)
00:00:00.523310 HM: MSR_IA32_VMX_ENTRY_CTLS         = 0xffff000011ff
00:00:00.523311 HM:   LOAD_DEBUG (must be set)
00:00:00.523311 HM:   IA32E_MODE_GUEST
00:00:00.523311 HM:   ENTRY_SMM
00:00:00.523312 HM:   DEACTIVATE_DUALMON
00:00:00.523312 HM:   LOAD_GUEST_PERF_MSR
00:00:00.523320 HM:   LOAD_GUEST_PAT_MSR
00:00:00.523320 HM:   LOAD_GUEST_EFER_MSR
00:00:00.523321 HM: MSR_IA32_VMX_EXIT_CTLS          = 0x7fffff00036dff
00:00:00.523322 HM:   SAVE_DEBUG (must be set)
00:00:00.523322 HM:   HOST_ADDR_SPACE_SIZE
00:00:00.523322 HM:   LOAD_PERF_MSR
00:00:00.523323 HM:   ACK_EXT_INT
00:00:00.523323 HM:   SAVE_GUEST_PAT_MSR
00:00:00.523323 HM:   LOAD_HOST_PAT_MSR
00:00:00.523324 HM:   SAVE_GUEST_EFER_MSR
00:00:00.523324 HM:   LOAD_HOST_EFER_MSR
00:00:00.523324 HM:   SAVE_VMX_PREEMPT_TIMER
00:00:00.523325 HM: MSR_IA32_VMX_EPT_VPID_CAP       = 0xf0106334141
00:00:00.523325 HM:   RWX_X_ONLY
00:00:00.523325 HM:   PAGE_WALK_LENGTH_4
00:00:00.523326 HM:   EMT_UC
00:00:00.523326 HM:   EMT_WB
00:00:00.523326 HM:   PDE_2M
00:00:00.523327 HM:   PDPTE_1G
00:00:00.523327 HM:   INVEPT
00:00:00.523327 HM:   EPT_ACCESS_DIRTY
00:00:00.523328 HM:   INVEPT_SINGLE_CONTEXT
00:00:00.523328 HM:   INVEPT_ALL_CONTEXTS
00:00:00.523328 HM:   INVVPID
00:00:00.523329 HM:   INVVPID_INDIV_ADDR
00:00:00.523329 HM:   INVVPID_SINGLE_CONTEXT
00:00:00.523329 HM:   INVVPID_ALL_CONTEXTS
00:00:00.523330 HM:   INVVPID_SINGLE_CONTEXT_RETAIN_GLOBALS
00:00:00.523330 HM: MSR_IA32_VMX_MISC               = 0x300481e5
00:00:00.523331 HM:   PREEMPT_TSC_BIT                 = 0x5
00:00:00.523331 HM:   STORE_EFERLMA_VMEXIT            = true 
00:00:00.523332 HM:   ACTIVITY_STATES                 = 0x7
00:00:00.523332 HM:   CR3_TARGET                      = 0x4
00:00:00.523333 HM:   MAX_MSR                         = 512
00:00:00.523333 HM:   RDMSR_SMBASE_MSR_SMM            = true 
00:00:00.523334 HM:   SMM_MONITOR_CTL_B2              = true 
00:00:00.523334 HM:   VMWRITE_VMEXIT_INFO             = true 
00:00:00.523334 HM:   MSEG_ID                         = 0x0
00:00:00.523335 HM: MSR_IA32_VMX_CR0_FIXED0         = 0x80000021
00:00:00.523335 HM: MSR_IA32_VMX_CR0_FIXED1         = 0xffffffff
00:00:00.523336 HM: MSR_IA32_VMX_CR4_FIXED0         = 0x2000
00:00:00.523337 HM: MSR_IA32_VMX_CR4_FIXED1         = 0x1727ff
00:00:00.523337 HM: MSR_IA32_VMX_VMCS_ENUM          = 0x2a
00:00:00.523338 HM:   HIGHEST_INDEX                   = 0x15
00:00:00.523338 HM: MSR_IA32_VMX_VMFUNC             = 0x1
00:00:00.523339 HM:   EPTP_SWITCHING
00:00:00.523339 HM: APIC-access page physaddr       = 0x00000000185e1000
00:00:00.523340 HM: VCPU  0: MSR bitmap physaddr    = 0x00000000185e5000
00:00:00.523341 HM: VCPU  0: VMCS physaddr          = 0x00000000185e3000
00:00:00.523342 HM: Guest support: 32-bit and 64-bit
00:00:00.523347 HM: Supports VMCS EFER fields       = true 
00:00:00.523355 HM: Enabled VMX
00:00:00.523357 CPUM: SetGuestCpuIdFeature: Enabled SYSENTER/EXIT
00:00:00.523357 CPUM: SetGuestCpuIdFeature: Enabled PAE
00:00:00.523357 CPUM: SetGuestCpuIdFeature: Enabled LONG MODE
00:00:00.523358 CPUM: SetGuestCpuIdFeature: Enabled SYSCALL/RET
00:00:00.523366 CPUM: SetGuestCpuIdFeature: Enabled LAHF/SAHF
00:00:00.523366 CPUM: SetGuestCpuIdFeature: Enabled NX
00:00:00.523367 HM: Enabled nested paging
00:00:00.523367 HM:   EPT flush type                = VMXFLUSHEPT_SINGLE_CONTEXT
00:00:00.523367 HM: Enabled unrestricted guest execution
00:00:00.523368 HM: Enabled VPID
00:00:00.523368 HM:   VPID flush type               = VMXFLUSHVPID_SINGLE_CONTEXT
00:00:00.523369 HM: Enabled VMX-preemption timer (cPreemptTimerShift=5)
00:00:00.523369 HM: VT-x/AMD-V init method: GLOBAL
00:00:00.523384 PcBios: SATA LUN#0 LCHS=1024/255/63
00:00:00.523411 APIC: fPostedIntrsEnabled=false fVirtApicRegsEnabled=false fSupportsTscDeadline=false
00:00:00.523415 VMM: fUsePeriodicPreemptionTimers=false
00:00:00.523510 CPUM: Logical host processors: 4 present, 4 max, 4 online, online mask: 000000000000000f
00:00:00.523512 CPUM: Physical host cores: 2
00:00:00.523513 ************************* CPUID dump ************************
00:00:00.523531          Raw Standard CPUID Leaves
00:00:00.523531      Leaf/sub-leaf  eax      ebx      ecx      edx
00:00:00.523532 Gst: 00000000/0000  0000000d 756e6547 6c65746e 49656e69
00:00:00.523533 Hst:                0000000d 756e6547 6c65746e 49656e69
00:00:00.523534 Gst: 00000001/0000  000306c3 00000800 56d8220b 078bfbff
00:00:00.523536 Hst:                000306c3 00100800 7fdafbbf bfebfbff
00:00:00.523537 Gst: 00000002/0000  76036301 00f0b5ff 00000000 00c10000
00:00:00.523538 Hst:                76036301 00f0b5ff 00000000 00c10000
00:00:00.523539 Gst: 00000003/0000  00000000 00000000 00000000 00000000
00:00:00.523540 Hst:                00000000 00000000 00000000 00000000
00:00:00.523540 Gst: 00000004/0000  00000121 01c0003f 0000003f 00000000
00:00:00.523541 Hst:                1c004121 01c0003f 0000003f 00000000
00:00:00.523542 Gst: 00000004/0001  00000122 01c0003f 0000003f 00000000
00:00:00.523543 Hst:                1c004122 01c0003f 0000003f 00000000
00:00:00.523544 Gst: 00000004/0002  00000143 01c0003f 000001ff 00000000
00:00:00.523545 Hst:                1c004143 01c0003f 000001ff 00000000
00:00:00.523546 Gst: 00000004/0003  00000163 02c0003f 00000fff 00000006
00:00:00.523547 Hst:                1c03c163 02c0003f 00000fff 00000006
00:00:00.523548 Gst: 00000004/0004  00000000 00000000 00000000 00000000
00:00:00.523548 Hst:                00000000 00000000 00000000 00000000
00:00:00.523549 Gst: 00000005/0000  00000040 00000040 00000000 00000000
00:00:00.523550 Hst:                00000040 00000040 00000003 00042120
00:00:00.523551 Gst: 00000006/0000  00000000 00000000 00000000 00000000
00:00:00.523552 Hst:                00000075 00000002 00000009 00000000
00:00:00.523552 Gst: 00000007/0000  00000000 00002020 00000000 00000000
00:00:00.523553 Hst:                00000000 000027ab 00000000 00000000
00:00:00.523554 Gst: 00000007/0001  00000000 00000000 00000000 00000000
00:00:00.523555 Hst:                00000000 00000000 00000000 00000000
00:00:00.523555 Gst: 00000008/0000  00000000 00000000 00000000 00000000
00:00:00.523556 Hst:                00000000 00000000 00000000 00000000
00:00:00.523557 Gst: 00000009/0000  00000000 00000000 00000000 00000000
00:00:00.523558 Hst:                00000000 00000000 00000000 00000000
00:00:00.523558 Gst: 0000000a/0000  00000000 00000000 00000000 00000000
00:00:00.523559 Hst:                07300403 00000000 00000000 00000603
00:00:00.523560 Gst: 0000000b/0000  00000000 00000001 00000100 00000000
00:00:00.523561 Hst:                00000001 00000002 00000100 00000000
00:00:00.523561 Gst: 0000000b/0001  00000001 00000001 00000201 00000000
00:00:00.523562 Hst:                00000004 00000004 00000201 00000000
00:00:00.523563 Gst: 0000000b/0002  00000000 00000000 00000002 00000000
00:00:00.523563 Hst:                00000000 00000000 00000002 00000000
00:00:00.523564 Gst: 0000000c/0000  00000000 00000000 00000000 00000000
00:00:00.523565 Hst:                00000000 00000000 00000000 00000000
00:00:00.523566 Gst: 0000000d/0000  00000007 00000340 00000340 00000000
00:00:00.523566 Hst:                00000007 00000340 00000340 00000000
00:00:00.523567 Gst: 0000000d/0001  00000000 00000000 00000000 00000000
00:00:00.523568 Hst:                00000001 00000000 00000000 00000000
00:00:00.523568 Gst: 0000000d/0002  00000100 00000240 00000000 00000000
00:00:00.523569 Hst:                00000100 00000240 00000000 00000000
00:00:00.523570 Gst: 0000000d/0003  00000000 00000000 00000000 00000000
00:00:00.523571 Hst:                00000000 00000000 00000000 00000000
00:00:00.523583                                Name: GenuineIntel
00:00:00.523584                            Supports: 0x00000000-0x0000000d
00:00:00.523585                              Family:  6 	Extended: 0 	Effective: 6
00:00:00.523586                               Model: 12 	Extended: 3 	Effective: 60
00:00:00.523587                            Stepping: 3
00:00:00.523588                                Type: 0 (primary)
00:00:00.523589                             APIC ID: 0x00
00:00:00.523590                        Logical CPUs: 0
00:00:00.523590                        CLFLUSH Size: 8
00:00:00.523591                            Brand ID: 0x00
00:00:00.523592 Features
00:00:00.523592   Mnemonic - Description                                  = guest (host)
00:00:00.523593   FPU - x87 FPU on Chip                                   = 1 (1)
00:00:00.523594   VME - Virtual 8086 Mode Enhancements                    = 1 (1)
00:00:00.523595   DE - Debugging extensions                               = 1 (1)
00:00:00.523596   PSE - Page Size Extension                               = 1 (1)
00:00:00.523597   TSC - Time Stamp Counter                                = 1 (1)
00:00:00.523598   MSR - Model Specific Registers                          = 1 (1)
00:00:00.523599   PAE - Physical Address Extension                        = 1 (1)
00:00:00.523600   MCE - Machine Check Exception                           = 1 (1)
00:00:00.523601   CX8 - CMPXCHG8B instruction                             = 1 (1)
00:00:00.523602   APIC - APIC On-Chip                                     = 1 (1)
00:00:00.523603   SEP - SYSENTER and SYSEXIT Present                      = 1 (1)
00:00:00.523604   MTRR - Memory Type Range Registers                      = 1 (1)
00:00:00.523605   PGE - PTE Global Bit                                    = 1 (1)
00:00:00.523606   MCA - Machine Check Architecture                        = 1 (1)
00:00:00.523607   CMOV - Conditional Move instructions                    = 1 (1)
00:00:00.523607   PAT - Page Attribute Table                              = 1 (1)
00:00:00.523608   PSE-36 - 36-bit Page Size Extension                     = 1 (1)
00:00:00.523609   PSN - Processor Serial Number                           = 0 (0)
00:00:00.523610   CLFSH - CLFLUSH instruction                             = 1 (1)
00:00:00.523611   DS - Debug Store                                        = 0 (1)
00:00:00.523612   ACPI - Thermal Mon. & Soft. Clock Ctrl.                 = 0 (1)
00:00:00.523613   MMX - Intel MMX Technology                              = 1 (1)
00:00:00.523614   FXSR - FXSAVE and FXRSTOR instructions                  = 1 (1)
00:00:00.523615   SSE - SSE support                                       = 1 (1)
00:00:00.523616   SSE2 - SSE2 support                                     = 1 (1)
00:00:00.523617   SS - Self Snoop                                         = 0 (1)
00:00:00.523618   HTT - Hyper-Threading Technology                        = 0 (1)
00:00:00.523619   TM - Therm. Monitor                                     = 0 (1)
00:00:00.523620   PBE - Pending Break Enabled                             = 0 (1)
00:00:00.523621   SSE3 - SSE3 support                                     = 1 (1)
00:00:00.523622   PCLMUL - PCLMULQDQ support (for AES-GCM)                = 1 (1)
00:00:00.523623   DTES64 - DS Area 64-bit Layout                          = 0 (1)
00:00:00.523624   MONITOR - MONITOR/MWAIT instructions                    = 1 (1)
00:00:00.523625   CPL-DS - CPL Qualified Debug Store                      = 0 (1)
00:00:00.523625   VMX - Virtual Machine Extensions                        = 0 (1)
00:00:00.523626   SMX - Safer Mode Extensions                             = 0 (0)
00:00:00.523627   EST - Enhanced SpeedStep Technology                     = 0 (1)
00:00:00.523628   TM2 - Terminal Monitor 2                                = 0 (1)
00:00:00.523629   SSSE3 - Supplemental Streaming SIMD Extensions 3        = 1 (1)
00:00:00.523630   CNTX-ID - L1 Context ID                                 = 0 (0)
00:00:00.523631   SDBG - Silicon Debug interface                          = 0 (1)
00:00:00.523632   FMA - Fused Multiply Add extensions                     = 0 (1)
00:00:00.523632   CX16 - CMPXCHG16B instruction                           = 1 (1)
00:00:00.523633   TPRUPDATE - xTPR Update Control                         = 0 (1)
00:00:00.523634   PDCM - Perf/Debug Capability MSR                        = 0 (1)
00:00:00.523635   PCID - Process Context Identifiers                      = 0 (1)
00:00:00.523636   DCA - Direct Cache Access                               = 0 (0)
00:00:00.523637   SSE4_1 - SSE4_1 support                                 = 1 (1)
00:00:00.523638   SSE4_2 - SSE4_2 support                                 = 1 (1)
00:00:00.523639   X2APIC - x2APIC support                                 = 0 (0)
00:00:00.523640   MOVBE - MOVBE instruction                               = 1 (1)
00:00:00.523641   POPCNT - POPCNT instruction                             = 1 (1)
00:00:00.523642   TSCDEADL - Time Stamp Counter Deadline                  = 0 (1)
00:00:00.523643   AES - AES instructions                                  = 1 (1)
00:00:00.523644   XSAVE - XSAVE instruction                               = 1 (1)
00:00:00.523644   OSXSAVE - OSXSAVE instruction                           = 0 (1)
00:00:00.523645   AVX - AVX support                                       = 1 (1)
00:00:00.523646   F16C - 16-bit floating point conversion instructions    = 0 (1)
00:00:00.523647   RDRAND - RDRAND instruction                             = 1 (1)
00:00:00.523648   HVP - Hypervisor Present (we're a guest)                = 0 (0)
00:00:00.523649 Structured Extended Feature Flags Enumeration (leaf 7):
00:00:00.523650   Mnemonic - Description                                  = guest (host)
00:00:00.523650   FSGSBASE - RDFSBASE/RDGSBASE/WRFSBASE/WRGSBASE instr.   = 0 (1)
00:00:00.523651   TSCADJUST - Supports MSR_IA32_TSC_ADJUST                = 0 (1)
00:00:00.523652   SGX - Supports Software Guard Extensions                = 0 (0)
00:00:00.523652   BMI1 - Advanced Bit Manipulation extension 1            = 0 (1)
00:00:00.523653   HLE - Hardware Lock Elision                             = 0 (0)
00:00:00.523654   AVX2 - Advanced Vector Extensions 2                     = 1 (1)
00:00:00.523655   FDP_EXCPTN_ONLY - FPU DP only updated on exceptions     = 0 (0)
00:00:00.523656   SMEP - Supervisor Mode Execution Prevention             = 0 (1)
00:00:00.523656   BMI2 - Advanced Bit Manipulation extension 2            = 0 (1)
00:00:00.523657   ERMS - Enhanced REP MOVSB/STOSB instructions            = 0 (1)
00:00:00.523658   INVPCID - INVPCID instruction                           = 0 (1)
00:00:00.523659   RTM - Restricted Transactional Memory                   = 0 (0)
00:00:00.523660   PQM - Platform Quality of Service Monitoring            = 0 (0)
00:00:00.523661   DEPFPU_CS_DS - Deprecates FPU CS, FPU DS values if set  = 1 (1)
00:00:00.523661   MPE - Intel Memory Protection Extensions                = 0 (0)
00:00:00.523662   PQE - Platform Quality of Service Enforcement           = 0 (0)
00:00:00.523663   AVX512F - AVX512 Foundation instructions                = 0 (0)
00:00:00.523664   RDSEED - RDSEED instruction                             = 0 (0)
00:00:00.523665   ADX - ADCX/ADOX instructions                            = 0 (0)
00:00:00.523666   SMAP - Supervisor Mode Access Prevention                = 0 (0)
00:00:00.523667   CLFLUSHOPT - CLFLUSHOPT (Cache Line Flush) instruction  = 0 (0)
00:00:00.523667   INTEL_PT - Intel Processor Trace                        = 0 (0)
00:00:00.523668   AVX512PF - AVX512 Prefetch instructions                 = 0 (0)
00:00:00.523669   AVX512ER - AVX512 Exponential & Reciprocal instructions = 0 (0)
00:00:00.523670   AVX512CD - AVX512 Conflict Detection instructions       = 0 (0)
00:00:00.523670   SHA - Secure Hash Algorithm extensions                  = 0 (0)
00:00:00.523671   PREFETCHWT1 - PREFETCHWT1 instruction                   = 0 (0)
00:00:00.523672   PKU - Protection Key for Usermode pages                 = 0 (0)
00:00:00.523673   OSPKU - CR4.PKU mirror                                  = 0 (0)
00:00:00.523674 Processor Extended State Enumeration (leaf 0xd):
00:00:00.523675    XSAVE area cur/max size by XCR0, guest: 0x340/0x340
00:00:00.523675     XSAVE area cur/max size by XCR0, host: 0x340/0x340
00:00:00.523676                    Valid XCR0 bits, guest: 0x00000000`00000007 ( x87 SSE YMM_Hi128 )
00:00:00.523685                     Valid XCR0 bits, host: 0x00000000`00000007 ( x87 SSE YMM_Hi128 )
00:00:00.523687                     XSAVE features, guest:
00:00:00.523688                      XSAVE features, host: XSAVEOPT
00:00:00.523689       XSAVE area cur size XCR0|XSS, guest: 0x0
00:00:00.523690        XSAVE area cur size XCR0|XSS, host: 0x0
00:00:00.523690                Valid IA32_XSS bits, guest: 0x00000000`00000000
00:00:00.523691                 Valid IA32_XSS bits, host: 0x00000000`00000000
00:00:00.523692   State #2, guest: off=0x0240, cb=0x0100 IA32_XSS-bit -- YMM_Hi128
00:00:00.523693   State #2, host:  off=0x0240, cb=0x0100 IA32_XSS-bit -- YMM_Hi128
00:00:00.523700          Raw Extended CPUID Leaves
00:00:00.523700      Leaf/sub-leaf  eax      ebx      ecx      edx
00:00:00.523701 Gst: 80000000/0000  80000008 00000000 00000000 00000000
00:00:00.523702 Hst:                80000008 00000000 00000000 00000000
00:00:00.523703 Gst: 80000001/0000  00000000 00000000 00000021 28100800
00:00:00.523704 Hst:                00000000 00000000 00000021 2c100800
00:00:00.523705 Gst: 80000002/0000  65746e49 2952286c 726f4320 4d542865
00:00:00.523706 Hst:                65746e49 2952286c 726f4320 4d542865
00:00:00.523708 Gst: 80000003/0000  33692029 3631342d 50432030 20402055
00:00:00.523709 Hst:                33692029 3631342d 50432030 20402055
00:00:00.523710 Gst: 80000004/0000  30362e33 007a4847 00000000 00000000
00:00:00.523711 Hst:                30362e33 007a4847 00000000 00000000
00:00:00.523712 Gst: 80000005/0000  00000000 00000000 00000000 00000000
00:00:00.523713 Hst:                00000000 00000000 00000000 00000000
00:00:00.523714 Gst: 80000006/0000  00000000 00000000 01006040 00000000
00:00:00.523715 Hst:                00000000 00000000 01006040 00000000
00:00:00.523715 Gst: 80000007/0000  00000000 00000000 00000000 00000100
00:00:00.523716 Hst:                00000000 00000000 00000000 00000100
00:00:00.523717 Gst: 80000008/0000  00003027 00000000 00000000 00000000
00:00:00.523718 Hst:                00003027 00000000 00000000 00000000
00:00:00.523719 Ext Name:                        
00:00:00.523719 Ext Supports:                    0x80000000-0x80000008
00:00:00.523720 Family:                          0  	Extended: 0 	Effective: 0
00:00:00.523720 Model:                           0  	Extended: 0 	Effective: 0
00:00:00.523721 Stepping:                        0
00:00:00.523721 Brand ID:                        0x000
00:00:00.523722 Ext Features
00:00:00.523722   Mnemonic - Description                                  = guest (host)
00:00:00.523723   FPU - x87 FPU on Chip                                   = 0 (0)
00:00:00.523724   VME - Virtual 8086 Mode Enhancements                    = 0 (0)
00:00:00.523725   DE - Debugging extensions                               = 0 (0)
00:00:00.523726   PSE - Page Size Extension                               = 0 (0)
00:00:00.523727   TSC - Time Stamp Counter                                = 0 (0)
00:00:00.523728   MSR - K86 Model Specific Registers                      = 0 (0)
00:00:00.523728   PAE - Physical Address Extension                        = 0 (0)
00:00:00.523729   MCE - Machine Check Exception                           = 0 (0)
00:00:00.523730   CX8 - CMPXCHG8B instruction                             = 0 (0)
00:00:00.523731   APIC - APIC On-Chip                                     = 0 (0)
00:00:00.523732   SEP - SYSCALL/SYSRET                                    = 1 (1)
00:00:00.523733   MTRR - Memory Type Range Registers                      = 0 (0)
00:00:00.523734   PGE - PTE Global Bit                                    = 0 (0)
00:00:00.523735   MCA - Machine Check Architecture                        = 0 (0)
00:00:00.523736   CMOV - Conditional Move instructions                    = 0 (0)
00:00:00.523737   PAT - Page Attribute Table                              = 0 (0)
00:00:00.523738   PSE-36 - 36-bit Page Size Extension                     = 0 (0)
00:00:00.523738   NX - No-Execute/Execute-Disable                         = 1 (1)
00:00:00.523739   AXMMX - AMD Extensions to MMX instructions              = 0 (0)
00:00:00.523740   MMX - Intel MMX Technology                              = 0 (0)
00:00:00.523741   FXSR - FXSAVE and FXRSTOR Instructions                  = 0 (0)
00:00:00.523742   FFXSR - AMD fast FXSAVE and FXRSTOR instructions        = 0 (0)
00:00:00.523743   Page1GB - 1 GB large page                               = 0 (1)
00:00:00.523744   RDTSCP - RDTSCP instruction                             = 1 (1)
00:00:00.523745   LM - AMD64 Long Mode                                    = 1 (1)
00:00:00.523746   3DNOWEXT - AMD Extensions to 3DNow                      = 0 (0)
00:00:00.523746   3DNOW - AMD 3DNow                                       = 0 (0)
00:00:00.523748   LahfSahf - LAHF/SAHF support in 64-bit mode             = 1 (1)
00:00:00.523748   CmpLegacy - Core multi-processing legacy mode           = 0 (0)
00:00:00.523749   SVM - AMD Secure Virtual Machine extensions             = 0 (0)
00:00:00.523750   EXTAPIC - AMD Extended APIC registers                   = 0 (0)
00:00:00.523751   CR8L - AMD LOCK MOV CR0 means MOV CR8                   = 0 (0)
00:00:00.523751   ABM - AMD Advanced Bit Manipulation                     = 1 (1)
00:00:00.523752   SSE4A - SSE4A instructions                              = 0 (0)
00:00:00.523753   MISALIGNSSE - AMD Misaligned SSE mode                   = 0 (0)
00:00:00.523754   3DNOWPRF - AMD PREFETCH and PREFETCHW instructions      = 0 (0)
00:00:00.523755   OSVW - AMD OS Visible Workaround                        = 0 (0)
00:00:00.523756   IBS - Instruct Based Sampling                           = 0 (0)
00:00:00.523756   XOP - Extended Operation support                        = 0 (0)
00:00:00.523757   SKINIT - SKINIT, STGI, and DEV support                  = 0 (0)
00:00:00.523758   WDT - AMD Watchdog Timer support                        = 0 (0)
00:00:00.523759   LWP - Lightweight Profiling support                     = 0 (0)
00:00:00.523760   FMA4 - Four operand FMA instruction support             = 0 (0)
00:00:00.523761   NodeId - NodeId in MSR C001_100C                        = 0 (0)
00:00:00.523762   TBM - Trailing Bit Manipulation instructions            = 0 (0)
00:00:00.523762   TOPOEXT - Topology Extensions                           = 0 (0)
00:00:00.523763 Full Name:                       "Intel(R) Core(TM) i3-4160 CPU @ 3.60GHz"
00:00:00.523764 TLB 2/4M Instr/Uni:              res0     0 entries
00:00:00.523765 TLB 2/4M Data:                   res0     0 entries
00:00:00.523765 TLB 4K Instr/Uni:                res0     0 entries
00:00:00.523766 TLB 4K Data:                     res0     0 entries
00:00:00.523766 L1 Instr Cache Line Size:        0 bytes
00:00:00.523767 L1 Instr Cache Lines Per Tag:    0
00:00:00.523767 L1 Instr Cache Associativity:    res0  
00:00:00.523767 L1 Instr Cache Size:             0 KB
00:00:00.523768 L1 Data Cache Line Size:         0 bytes
00:00:00.523768 L1 Data Cache Lines Per Tag:     0
00:00:00.523769 L1 Data Cache Associativity:     res0  
00:00:00.523769 L1 Data Cache Size:              0 KB
00:00:00.523770 L2 TLB 2/4M Instr/Uni:           off       0 entries
00:00:00.523770 L2 TLB 2/4M Data:                off       0 entries
00:00:00.523771 L2 TLB 4K Instr/Uni:             off       0 entries
00:00:00.523771 L2 TLB 4K Data:                  off       0 entries
00:00:00.523772 L2 Cache Line Size:              0 bytes
00:00:00.523772 L2 Cache Lines Per Tag:          0
00:00:00.523772 L2 Cache Associativity:          off   
00:00:00.523773 L2 Cache Size:                   0 KB
00:00:00.523773 APM Features:                    TscInvariant
00:00:00.523774 Host Invariant-TSC support:      true 
00:00:00.523775 Physical Address Width:          39 bits
00:00:00.523775 Virtual Address Width:           48 bits
00:00:00.523776 Guest Physical Address Width:    0 bits
00:00:00.523776 Physical Core Count:             1
00:00:00.523777 
00:00:00.523785 ******************** End of CPUID dump **********************
00:00:00.527400 VMEmt: Halt method global1 (5)
00:00:00.527416 VMEmt: HaltedGlobal1 config: cNsSpinBlockThresholdCfg=2000
00:00:00.527419 Changing the VM state from 'CREATING' to 'CREATED'
00:00:00.529604 SharedFolders host service: Adding host mapping
00:00:00.529618     Host path '/Volumes/Work/my-job-pitch/web', map name 'vagrant', writable, automount=false, create_symlinks=true, missing=false
00:00:00.529693 Changing the VM state from 'CREATED' to 'POWERING_ON'
00:00:00.529832 Changing the VM state from 'POWERING_ON' to 'RUNNING'
00:00:00.529841 Console: Machine state changed to 'Running'
00:00:00.532248 VMMDev: Guest Log: BIOS: VirtualBox 5.2.0
00:00:00.532368 PCI: setting up resources and interrupts
00:00:00.532567 PIT: mode=2 count=0x10000 (65536) - 18.20 Hz (ch=0)
00:00:00.541474 VMMDev: Guest Log: CPUID EDX: 0x078bfbff
00:00:00.548044 AHCI#0: Reset the HBA
00:00:00.548056 VD#0: Cancelling all active requests
00:00:00.548101 AHCI#0: Port 0 reset
00:00:00.548124 VD#0: Cancelling all active requests
00:00:00.548578 VMMDev: Guest Log: BIOS: AHCI 0-P#0: PCHS=16383/16/63 LCHS=1024/255/63 0x0000000005000000 sectors
00:00:00.549214 PIT: mode=2 count=0x48d3 (18643) - 64.00 Hz (ch=0)
00:00:00.550674 Display::handleDisplayResize: uScreenId=0 pvVRAM=0000000108b4e000 w=640 h=480 bpp=32 cbLine=0xA00 flags=0x0
00:00:00.986696 NAT: Old socket recv size: 334KB
00:00:00.986708 NAT: Old socket send size: 79KB
00:00:03.025946 PIT: mode=2 count=0x10000 (65536) - 18.20 Hz (ch=0)
00:00:03.026190 VMMDev: Guest Log: BIOS: Boot : bseqnr=1, bootseq=0002
00:00:03.031921 Display::handleDisplayResize: uScreenId=0 pvVRAM=0000000000000000 w=720 h=400 bpp=0 cbLine=0x0 flags=0x0
00:00:03.038831 VMMDev: Guest Log: BIOS: Booting from Hard Disk...
00:00:03.607196 PIT: mode=2 count=0x12a5 (4773) - 249.98 Hz (ch=0)
00:00:03.832114 PIT: mode=0 count=0x10000 (65536) - 18.20 Hz (ch=0)
00:00:04.074710 AHCI#0: Reset the HBA
00:00:04.074724 VD#0: Cancelling all active requests
00:00:04.092285 AHCI#0: Port 0 reset
00:00:04.104723 VD#0: Cancelling all active requests
00:00:06.437144 NAT: Link up
00:00:10.973722 VMMDev: Guest Additions information report: Version 4.3.36 r105129 '4.3.36_Ubuntu'
00:00:10.973765 VMMDev: Guest Additions information report: Interface = 0x00010004 osType = 0x00053100 (Linux >= 2.6, 64-bit)
00:00:10.973854 VMMDev: Guest Additions capability report: (0x0 -> 0x0) seamless: no, hostWindowMapping: no, graphics: no
00:00:10.974075 VMMDev: Guest Log: vboxguest: misc device minor 57, IRQ 20, I/O port d020, MMIO at 00000000f0400000 (size 0x400000)
00:00:11.769851 NAT: IPv6 not supported
00:00:11.794521 NAT: DHCP offered IP address 10.0.2.15
00:00:21.581442 VMMDev: Guest Log: VBoxService 4.3.36_Ubuntu r105129 (verbosity: 0) linux.amd64 (Jan 27 2016 11:57:44) release log
00:00:21.581454 VMMDev: Guest Log: 00:00:00.000084 main     Log opened 2018-01-14T05:00:59.519529000Z
00:00:21.582585 VMMDev: Guest Log: 00:00:00.001238 main     OS Product: Linux
00:00:21.583103 VMMDev: Guest Log: 00:00:00.001651 main     OS Release: 3.13.0-135-generic
00:00:21.583527 VMMDev: Guest Log: 00:00:00.002077 main     OS Version: #184-Ubuntu SMP Wed Oct 18 11:55:51 UTC 2017
00:00:21.584143 VMMDev: Guest Log: 00:00:00.002692 main     OS Service Pack: #184-Ubuntu SMP Wed Oct 18 11:55:51 UTC 2017
00:00:21.584770 VMMDev: Guest Log: 00:00:00.003319 main     Executable: /usr/sbin/VBoxService
00:00:21.584774 VMMDev: Guest Log: 00:00:00.003320 main     Process ID: 1296
00:00:21.584776 VMMDev: Guest Log: 00:00:00.003320 main     Package type: LINUX_64BITS_GENERIC (OSE)
00:00:21.586801 VMMDev: Guest Log: 00:00:00.005420 main     4.3.36_Ubuntu r105129 started. Verbose level = 0
10:37:27.575209 NAT: DHCP offered IP address 10.0.2.15
12:07:43.448578 NAT: DNS servers changed, triggering reconnect
12:07:43.545571 NAT: resolv.conf: nameserver 192.168.1.1
12:07:43.545599 slirp_host_network_configuration_change_strategy_selector: NAT: rcp_parse:VINF_SUCCESS old domain:(null) new domain:<NULL>
12:07:43.545687 NAT: resolv.conf: nameserver 192.168.1.1
12:07:43.545699 NAT: DNS#0: 192.168.1.1
12:07:43.545882 NAT: DNS servers changed, triggering reconnect
12:07:43.545917 NAT: resolv.conf: nameserver 192.168.1.1
12:07:43.545930 slirp_host_network_configuration_change_strategy_selector: NAT: rcp_parse:VINF_SUCCESS old domain:(null) new domain:<NULL>
12:07:43.545993 NAT: resolv.conf: nameserver 192.168.1.1
12:07:43.546003 NAT: DNS#0: 192.168.1.1
12:08:34.394658 NAT: DNS servers changed, triggering reconnect
12:08:34.394731 NAT: resolv.conf: nameserver 198.18.0.1
12:08:34.394743 NAT: resolv.conf: nameserver 198.18.0.2
12:08:34.394757 slirp_host_network_configuration_change_strategy_selector: NAT: rcp_parse:VINF_SUCCESS old domain:(null) new domain:<NULL>
12:08:34.394835 NAT: resolv.conf: nameserver 198.18.0.1
12:08:34.394844 NAT: resolv.conf: nameserver 198.18.0.2
12:08:34.394854 NAT: DNS#0: 198.18.0.1
12:08:34.394858 NAT: DNS#1: 198.18.0.2
20:39:41.910938 NAT: DHCP offered IP address 10.0.2.15
23:56:12.904449 NAT: DNS servers changed, triggering reconnect
23:56:12.935055 NAT: resolv.conf: nameserver 192.168.1.1
23:56:12.935076 slirp_host_network_configuration_change_strategy_selector: NAT: rcp_parse:VINF_SUCCESS old domain:(null) new domain:<NULL>
23:56:12.935169 NAT: resolv.conf: nameserver 192.168.1.1
23:56:12.935186 NAT: DNS#0: 192.168.1.1
23:56:12.935336 NAT: DNS servers changed, triggering reconnect
23:56:12.935369 NAT: resolv.conf: nameserver 192.168.1.1
23:56:12.935380 slirp_host_network_configuration_change_strategy_selector: NAT: rcp_parse:VINF_SUCCESS old domain:(null) new domain:<NULL>
23:56:12.935435 NAT: resolv.conf: nameserver 192.168.1.1
23:56:12.935446 NAT: DNS#0: 192.168.1.1
23:56:19.297524 NAT: DNS servers changed, triggering reconnect
23:56:19.306447 NAT: resolv.conf: nameserver 198.18.0.1
23:56:19.306467 NAT: resolv.conf: nameserver 198.18.0.2
23:56:19.306485 slirp_host_network_configuration_change_strategy_selector: NAT: rcp_parse:VINF_SUCCESS old domain:(null) new domain:<NULL>
23:56:19.306570 NAT: resolv.conf: nameserver 198.18.0.1
23:56:19.306582 NAT: resolv.conf: nameserver 198.18.0.2
23:56:19.306599 NAT: DNS#0: 198.18.0.1
23:56:19.306604 NAT: DNS#1: 198.18.0.2
30:52:19.178114 NAT: DHCP offered IP address 10.0.2.15
34:23:21.037049 NAT: DNS servers changed, triggering reconnect
34:23:21.147460 NAT: resolv.conf: nameserver 192.168.1.1
34:23:21.147485 slirp_host_network_configuration_change_strategy_selector: NAT: rcp_parse:VINF_SUCCESS old domain:(null) new domain:<NULL>
34:23:21.147575 NAT: resolv.conf: nameserver 192.168.1.1
34:23:21.147588 NAT: DNS#0: 192.168.1.1
34:23:21.147701 NAT: DNS servers changed, triggering reconnect
34:23:21.147729 NAT: resolv.conf: nameserver 192.168.1.1
34:23:21.147738 slirp_host_network_configuration_change_strategy_selector: NAT: rcp_parse:VINF_SUCCESS old domain:(null) new domain:<NULL>
34:23:21.147790 NAT: resolv.conf: nameserver 192.168.1.1
34:23:21.147802 NAT: DNS#0: 192.168.1.1
36:57:07.126851 NAT: DNS servers changed, triggering reconnect
36:57:07.126923 NAT: resolv.conf: nameserver 198.18.0.1
36:57:07.126933 NAT: resolv.conf: nameserver 198.18.0.2
36:57:07.126948 slirp_host_network_configuration_change_strategy_selector: NAT: rcp_parse:VINF_SUCCESS old domain:(null) new domain:<NULL>
36:57:07.127028 NAT: resolv.conf: nameserver 198.18.0.1
36:57:07.127036 NAT: resolv.conf: nameserver 198.18.0.2
36:57:07.127045 NAT: DNS#0: 198.18.0.1
36:57:07.127050 NAT: DNS#1: 198.18.0.2
41:01:33.275987 NAT: DHCP offered IP address 10.0.2.15
50:06:23.301432 NAT: DHCP offered IP address 10.0.2.15
60:36:37.011830 NAT: DHCP offered IP address 10.0.2.15
70:42:16.184884 NAT: DHCP offered IP address 10.0.2.15
74:06:45.241323 NAT: DNS servers changed, triggering reconnect
74:06:45.248366 NAT: resolv.conf: nameserver 192.168.1.1
74:06:45.248390 slirp_host_network_configuration_change_strategy_selector: NAT: rcp_parse:VINF_SUCCESS old domain:(null) new domain:<NULL>
74:06:45.248491 NAT: resolv.conf: nameserver 192.168.1.1
74:06:45.248505 NAT: DNS#0: 192.168.1.1
74:06:45.248555 NAT: DNS servers changed, triggering reconnect
74:06:45.248593 NAT: resolv.conf: nameserver 192.168.1.1
74:06:45.248607 slirp_host_network_configuration_change_strategy_selector: NAT: rcp_parse:VINF_SUCCESS old domain:(null) new domain:<NULL>
74:06:45.248676 NAT: resolv.conf: nameserver 192.168.1.1
74:06:45.248688 NAT: DNS#0: 192.168.1.1
74:12:33.413512 NAT: DNS servers changed, triggering reconnect
74:12:33.413600 NAT: resolv.conf: nameserver 198.18.0.1
74:12:33.413613 NAT: resolv.conf: nameserver 198.18.0.2
74:12:33.413629 slirp_host_network_configuration_change_strategy_selector: NAT: rcp_parse:VINF_SUCCESS old domain:(null) new domain:<NULL>
74:12:33.413726 NAT: resolv.conf: nameserver 198.18.0.1
74:12:33.413735 NAT: resolv.conf: nameserver 198.18.0.2
74:12:33.413745 NAT: DNS#0: 198.18.0.1
74:12:33.413750 NAT: DNS#1: 198.18.0.2
79:42:45.500128 NAT: DHCP offered IP address 10.0.2.15
90:09:10.103186 NAT: DHCP offered IP address 10.0.2.15
100:24:21.358093 NAT: DHCP offered IP address 10.0.2.15
110:44:16.385844 NAT: DHCP offered IP address 10.0.2.15
